[11:04:43] [ServerMain/INFO]: [bootstrap] Running Java 21 (OpenJDK 64-Bit Server VM 21.0.8+9-Ubuntu-0ubuntu124.04.1; Ubuntu null) on Linux 6.8.0-1030-azure (amd64)
[11:04:43] [ServerMain/INFO]: [bootstrap] Loading Paper 1.21.10-84-main@bac3da1 (2025-10-20T02:11:40Z) for Minecraft 1.21.10
[11:04:43] [ServerMain/INFO]: [PluginInitializerManager] Initializing plugins...
[11:04:44] [ServerMain/INFO]: [PluginInitializerManager] Initialized 1 plugin
[11:04:44] [ServerMain/INFO]: [PluginInitializerManager] Bukkit plugins (1):
 - SkinsRestorer (15.8.2)
[11:04:51] [ServerMain/INFO]: Environment: Environment[sessionHost=https://sessionserver.mojang.com, servicesHost=https://api.minecraftservices.com, profilesHost=https://api.mojang.com, name=PROD]
[11:04:52] [ServerMain/ERROR]: Couldn't load file/BedXP Datapack 1.21.9 pack metadata: Pack declares support for version newer than 81, but is missing mandatory fields min_format and max_format
[11:04:52] [ServerMain/ERROR]: Couldn't load file/Inventory Keeper overlays metadata: Overlay "data" declares support for version newer than 81, but is missing mandatory fields min_format and max_format
[11:04:55] [ServerMain/INFO]: Loaded 1462 recipes
[11:04:55] [ServerMain/INFO]: Loaded 1579 advancements
[11:04:56] [ServerMain/INFO]: [ca.spottedleaf.dataconverter.minecraft.datatypes.MCTypeRegistry] Initialising converters for DataConverter...
[11:04:56] [ServerMain/INFO]: [ca.spottedleaf.dataconverter.minecraft.datatypes.MCTypeRegistry] Finished initialising converters for DataConverter in 601.4ms
[11:04:56] [Server thread/INFO]: Starting minecraft server version 1.21.10
[11:04:56] [Server thread/INFO]: Loading properties
[11:04:56] [Server thread/INFO]: This server is running Paper version 1.21.10-84-main@bac3da1 (2025-10-20T02:11:40Z) (Implementing API version 1.21.10-R0.1-SNAPSHOT)
[11:04:56] [Server thread/INFO]: [spark] This server bundles the spark profiler. For more information please visit https://docs.papermc.io/paper/profiling
[11:04:57] [Server thread/INFO]: Using 4 threads for Netty based IO
[11:04:57] [Server thread/INFO]: Server Ping Player Sample Count: 12
[11:04:58] [Server thread/INFO]: [MoonriseCommon] Paper is using 1 worker threads, 1 I/O threads
[11:04:59] [Server thread/INFO]: Default game type: SURVIVAL
[11:04:59] [Server thread/INFO]: Generating keypair
[11:04:59] [Server thread/INFO]: Starting Minecraft server on *:25565
[11:04:59] [Server thread/INFO]: Using epoll channel type
[11:04:59] [Server thread/INFO]: Paper: Using libdeflate (Linux x86_64) compression from Velocity.
[11:04:59] [Server thread/INFO]: Paper: Using OpenSSL 3.x.x (Linux x86_64) cipher from Velocity.
[11:04:59] [Server thread/INFO]: [SkinsRestorer] Loading server plugin SkinsRestorer v15.8.2
[11:04:59] [Server thread/INFO]: Server permissions file permissions.yml is empty, ignoring it
[11:04:59] [Server thread/INFO]: [SkinsRestorer] Enabling SkinsRestorer v15.8.2
[11:05:00] [Server thread/INFO]: [SkinsRestorer] Running on Minecraft 1.21.10.
[11:05:01] [Server thread/WARN]: [SkinsRestorer] "SkinsRestorer v15.8.2" has registered a listener for org.spigotmc.event.player.PlayerSpawnLocationEvent on method "void net.skinsrestorer.shadow.cloud.bukkit.CloudBukkitListener.onPlayerLogin(org.spigotmc.event.player.PlayerSpawnLocationEvent)", but the event is Deprecated. "Listening to this event causes the player to be created early. Using the player from this event will result in undefined behavior. Prefer AsyncPlayerSpawnLocationEvent."; please notify the authors [knat, AlexProgrammerDE, Th3Tr0LLeR, McLive, DoNotSpamPls].
[11:05:01] [Server thread/INFO]: [SkinsRestorer] Using paper join listener!
[11:05:01] [Server thread/WARN]: **** SERVER IS RUNNING IN OFFLINE/INSECURE MODE!
[11:05:01] [Server thread/WARN]: The server will make no attempt to authenticate usernames. Beware.
[11:05:01] [Server thread/WARN]: While this makes the game possible to play without internet access, it also opens up the ability for hackers to connect with any username they choose.
[11:05:01] [Server thread/WARN]: To change this, set "online-mode" to "true" in the server.properties file.
[11:05:01] [Server thread/INFO]: Preparing level "world"
[11:05:02] [Folia Async Scheduler Thread #1/INFO]: [SkinsRestorer] ----------------------------------------------
[11:05:02] [Folia Async Scheduler Thread #1/INFO]: [SkinsRestorer]     +==================+
[11:05:02] [Folia Async Scheduler Thread #1/INFO]: [SkinsRestorer]     |   SkinsRestorer  |
[11:05:02] [Folia Async Scheduler Thread #1/INFO]: [SkinsRestorer]     |------------------|
[11:05:02] [Folia Async Scheduler Thread #1/INFO]: [SkinsRestorer]     |  Standalone Mode |
[11:05:02] [Folia Async Scheduler Thread #1/INFO]: [SkinsRestorer]     +==================+
[11:05:02] [Folia Async Scheduler Thread #1/INFO]: [SkinsRestorer] ----------------------------------------------
[11:05:02] [Folia Async Scheduler Thread #1/INFO]: [SkinsRestorer]     Version: 15.8.2
[11:05:02] [Folia Async Scheduler Thread #1/INFO]: [SkinsRestorer]     Commit: cf773a3
[11:05:02] [Folia Async Scheduler Thread #1/INFO]: [SkinsRestorer]     This is the latest version!
[11:05:02] [Folia Async Scheduler Thread #1/INFO]: [SkinsRestorer] ----------------------------------------------
[11:05:02] [Folia Async Scheduler Thread #1/INFO]: [SkinsRestorer] Do you have issues? Read our troubleshooting guide: https://skinsrestorer.net/docs/troubleshooting
[11:05:02] [Folia Async Scheduler Thread #1/INFO]: [SkinsRestorer] Want to support SkinsRestorer? Consider donating: https://skinsrestorer.net/donate
[11:05:02] [Server thread/INFO]: Loading 0 persistent chunks for world 'minecraft:overworld'...
[11:05:02] [Server thread/INFO]: Preparing spawn area: 100%
[11:05:02] [Server thread/INFO]: Prepared spawn area in 8 ms
[11:05:02] [Server thread/INFO]: Loading 0 persistent chunks for world 'minecraft:the_nether'...
[11:05:02] [Server thread/INFO]: Prepared spawn area in 0 ms
[11:05:02] [Server thread/INFO]: Loading 0 persistent chunks for world 'minecraft:the_end'...
[11:05:02] [Server thread/INFO]: Prepared spawn area in 2 ms
[11:05:02] [Server thread/INFO]: Done preparing level "world" (1.025s)
[11:05:02] [Server thread/INFO]: [spark] Starting background profiler...
[11:05:03] [Server thread/INFO]: Running delayed init tasks
[11:05:03] [Server thread/INFO]: Done (21.690s)! For help, type "help"
[11:05:24] [User Authenticator #0/INFO]: UUID of player theHULK is 57880c86-f36c-3a31-8f71-b7949fa31427
[11:05:27] [Server thread/INFO]: theHULK joined the game
[11:05:27] [Server thread/INFO]: theHULK[/172.17.0.1:40698] logged in with entity id 1 at ([world]-523.835244063019, 67.0, -5.682724741375685)
[11:05:34] [User Authenticator #0/INFO]: UUID of player bankaionma772 is 369f1b74-c3d9-33ca-9155-832c73689cd0
[11:05:35] [Server thread/INFO]: bankaionma772 joined the game
[11:05:35] [Server thread/INFO]: bankaionma772[/172.17.0.1:54670] logged in with entity id 240 at ([world]-523.2151707188217, 68.0, 9.342797415102998)
[11:05:41] [User Authenticator #0/INFO]: UUID of player Drakiii is 127853c7-a9bb-3ebf-8c81-c3025b9ed859
[11:05:45] [Server thread/INFO]: Drakiii joined the game
[11:05:45] [Server thread/INFO]: Drakiii[/172.17.0.1:54688] logged in with entity id 247 at ([world]-522.2375000119209, 68.0, 7.300000011920929)
[11:07:03] [Async Chat Thread - #0/INFO]: [Not Secure] <bankaionma772> sss
[11:07:07] [Async Chat Thread - #0/INFO]: [Not Secure] <bankaionma772> ssssss
[11:07:43] [Server thread/INFO]: Drakiii lost connection: Disconnected
[11:07:43] [Server thread/INFO]: Drakiii left the game
[11:08:01] [Server thread/INFO]: [theHULK: Set own game mode to Spectator Mode]
[11:09:01] [Server thread/INFO]: [theHULK: Set own game mode to Survival Mode]
[11:09:41] [User Authenticator #1/INFO]: UUID of player Drakiii is 127853c7-a9bb-3ebf-8c81-c3025b9ed859
[11:09:42] [Server thread/INFO]: Drakiii joined the game
[11:09:42] [Server thread/INFO]: Drakiii[/172.17.0.1:33638] logged in with entity id 612 at ([world]-522.8158646124675, 69.0, 10.699999988079071)
[11:10:28] [Server thread/INFO]: theHULK issued server command: /tp Drakiii theHULK
[11:10:28] [Server thread/INFO]: [theHULK: Teleported Drakiii to theHULK]
[11:10:33] [Server thread/INFO]: Drakiii lost connection: Disconnected
[11:10:33] [Server thread/INFO]: Drakiii left the game
[11:10:53] [User Authenticator #2/INFO]: UUID of player Drakiii is 127853c7-a9bb-3ebf-8c81-c3025b9ed859
[11:10:54] [Server thread/INFO]: Drakiii joined the game
[11:10:54] [Server thread/INFO]: Drakiii[/172.17.0.1:40706] logged in with entity id 715 at ([world]-525.6294547114161, 68.0, 2.85812835726468)
[11:15:32] [Server thread/INFO]: theHULK was kicked due to keepalive timeout!
[11:15:32] [Server thread/INFO]: theHULK lost connection: Timed out
[11:15:32] [Server thread/INFO]: theHULK left the game
[11:15:33] [Server thread/INFO]: Drakiii was kicked due to keepalive timeout!
[11:15:33] [Server thread/INFO]: Drakiii lost connection: Timed out
[11:15:33] [Server thread/INFO]: Drakiii left the game
[11:15:56] [User Authenticator #3/INFO]: UUID of player Drakiii is 127853c7-a9bb-3ebf-8c81-c3025b9ed859
[11:15:58] [Server thread/INFO]: Drakiii joined the game
[11:15:58] [Server thread/INFO]: Drakiii[/172.17.0.1:37906] logged in with entity id 1174 at ([world]-525.2910786911818, 68.0, 5.512499988079071)
[11:16:02] [User Authenticator #3/INFO]: UUID of player theHULK is 57880c86-f36c-3a31-8f71-b7949fa31427
[11:16:03] [Server thread/INFO]: theHULK joined the game
[11:16:03] [Server thread/INFO]: theHULK[/172.17.0.1:37910] logged in with entity id 1181 at ([world]-504.4756155437144, 69.17675927506424, -4.296211472453986)
[11:18:56] [Server thread/INFO]: Stopping the server
[11:18:56] [Server thread/INFO]: Stopping server
[11:18:56] [Server thread/INFO]: [SkinsRestorer] Disabling SkinsRestorer v15.8.2
[11:18:56] [Server thread/INFO]: Saving players
[11:18:56] [Server thread/INFO]: bankaionma772 lost connection: Server closed
[11:18:56] [Server thread/INFO]: bankaionma772 left the game
[11:18:56] [Server thread/INFO]: Drakiii lost connection: Server closed
[11:18:56] [Server thread/INFO]: Drakiii left the game
[11:18:56] [Server thread/INFO]: theHULK lost connection: Server closed
[11:18:56] [Server thread/INFO]: theHULK left the game
[11:18:57] [Server thread/INFO]: Saving worlds
[11:18:57] [Server thread/INFO]: Saving chunks for level 'ServerLevel[world]'/minecraft:overworld
[11:18:57] [Server thread/INFO]: [ChunkHolderManager] Waiting 60s for chunk system to halt for world 'world'
[11:18:57] [Server thread/INFO]: [ChunkHolderManager] Halted chunk system for world 'world'
[11:18:57] [Server thread/INFO]: [ChunkHolderManager] Saving all chunkholders for world 'world'
[11:18:57] [Server thread/INFO]: [ChunkHolderManager] Saved 24 block chunks, 196 entity chunks, 1 poi chunks in world 'world' in 0.15s
[11:18:57] [Server thread/INFO]: [ChunkHolderManager] Waiting 60s for chunk I/O to halt for world 'world'
[11:18:57] [Server thread/INFO]: [ChunkHolderManager] Halted I/O scheduler for world 'world'
[11:18:57] [Server thread/INFO]: Saving chunks for level 'ServerLevel[world_nether]'/minecraft:the_nether
[11:18:57] [Server thread/INFO]: [ChunkHolderManager] Waiting 60s for chunk system to halt for world 'world_nether'
[11:18:57] [Server thread/INFO]: [ChunkHolderManager] Halted chunk system for world 'world_nether'
[11:18:57] [Server thread/INFO]: [ChunkHolderManager] Saving all chunkholders for world 'world_nether'
[11:18:57] [Server thread/INFO]: [ChunkHolderManager] Saved 0 block chunks, 0 entity chunks, 0 poi chunks in world 'world_nether' in 0.00s
[11:18:57] [Server thread/INFO]: [ChunkHolderManager] Waiting 60s for chunk I/O to halt for world 'world_nether'
[11:18:57] [Server thread/INFO]: [ChunkHolderManager] Halted I/O scheduler for world 'world_nether'
[11:18:57] [Server thread/INFO]: Saving chunks for level 'ServerLevel[world_the_end]'/minecraft:the_end
[11:18:57] [Server thread/INFO]: [ChunkHolderManager] Waiting 60s for chunk system to halt for world 'world_the_end'
[11:18:57] [Server thread/INFO]: [ChunkHolderManager] Halted chunk system for world 'world_the_end'
[11:18:57] [Server thread/INFO]: [ChunkHolderManager] Saving all chunkholders for world 'world_the_end'
[11:18:57] [Server thread/INFO]: [ChunkHolderManager] Saved 0 block chunks, 0 entity chunks, 0 poi chunks in world 'world_the_end' in 0.00s
[11:18:57] [Server thread/INFO]: [ChunkHolderManager] Waiting 60s for chunk I/O to halt for world 'world_the_end'
[11:18:57] [Server thread/INFO]: [ChunkHolderManager] Halted I/O scheduler for world 'world_the_end'
[11:18:57] [Server thread/INFO]: ThreadedAnvilChunkStorage (world): All chunks are saved
[11:18:57] [Server thread/INFO]: ThreadedAnvilChunkStorage (DIM-1): All chunks are saved
[11:18:57] [Server thread/INFO]: ThreadedAnvilChunkStorage (DIM1): All chunks are saved
[11:18:57] [Server thread/INFO]: ThreadedAnvilChunkStorage: All dimensions are saved
[11:18:57] [Server thread/INFO]: Waiting for all RegionFile I/O tasks to complete...
[11:18:57] [Server thread/INFO]: All RegionFile I/O tasks to complete
[11:18:57] [Server thread/INFO]: [MoonriseCommon] Awaiting termination of worker pool for up to 60s...
[11:18:57] [Server thread/INFO]: [MoonriseCommon] Awaiting termination of I/O pool for up to 60s...
